# JRE version: Java(TM) SE Runtime Environment (8.0_144-b01) (build 1.8.0_144-b01)
# Java VM: Java HotSpot(TM) 64-Bit Server VM (25.144-b01 mixed mode windows-amd64 compressed oops)
Heap:
 PSYoungGen      total 110592K, used 23318K [0x00000000d5f80000, 0x00000000dd600000, 0x0000000100000000)
  eden space 103936K, 22% used [0x00000000d5f80000,0x00000000d7645bf0,0x00000000dc500000)
  from space 6656K, 0% used [0x00000000dcf80000,0x00000000dcf80000,0x00000000dd600000)
  to   space 8704K, 0% used [0x00000000dc500000,0x00000000dc500000,0x00000000dcd80000)
 ParOldGen       total 55808K, used 10716K [0x0000000081e00000, 0x0000000085480000, 0x00000000d5f80000)
  object space 55808K, 19% used [0x0000000081e00000,0x0000000082877310,0x0000000085480000)
 Metaspace       used 28118K, capacity 29624K, committed 29824K, reserved 1075200K
  class space    used 3832K, capacity 4135K, committed 4224K, reserved 1048576K
GC Heap History (10 events):
Event: 2.154 GC heap before
{Heap before GC invocations=4 (full 0):
 PSYoungGen      total 38400K, used 23527K [0x00000000d5f80000, 0x00000000daa80000, 0x0000000100000000)
  eden space 33280K, 55% used [0x00000000d5f80000,0x00000000d717d1f0,0x00000000d8000000)
  from space 5120K, 99% used [0x00000000d8000000,0x00000000d84fcae0,0x00000000d8500000)
  to   space 5120K, 0% used [0x00000000da580000,0x00000000da580000,0x00000000daa80000)
 ParOldGen       total 87552K, used 3844K [0x0000000081e00000, 0x0000000087380000, 0x00000000d5f80000)
  object space 87552K, 4% used [0x0000000081e00000,0x00000000821c1288,0x0000000087380000)
 Metaspace       used 20439K, capacity 21140K, committed 21296K, reserved 1067008K
  class space    used 2749K, capacity 2960K, committed 3072K, reserved 1048576K
Event: 2.174 GC heap after
Heap after GC invocations=4 (full 0):
 PSYoungGen      total 71680K, used 5098K [0x00000000d5f80000, 0x00000000daa80000, 0x0000000100000000)
  eden space 66560K, 0% used [0x00000000d5f80000,0x00000000d5f80000,0x00000000da080000)
  from space 5120K, 99% used [0x00000000da580000,0x00000000daa7aa98,0x00000000daa80000)
  to   space 5120K, 0% used [0x00000000da080000,0x00000000da080000,0x00000000da580000)
 ParOldGen       total 87552K, used 5684K [0x0000000081e00000, 0x0000000087380000, 0x00000000d5f80000)
  object space 87552K, 6% used [0x0000000081e00000,0x000000008238d350,0x0000000087380000)
 Metaspace       used 20439K, capacity 21140K, committed 21296K, reserved 1067008K
  class space    used 2749K, capacity 2960K, committed 3072K, reserved 1048576K
}
Event: 2.174 GC heap before
{Heap before GC invocations=5 (full 1):
 PSYoungGen      total 71680K, used 5098K [0x00000000d5f80000, 0x00000000daa80000, 0x0000000100000000)
  eden space 66560K, 0% used [0x00000000d5f80000,0x00000000d5f80000,0x00000000da080000)
  from space 5120K, 99% used [0x00000000da580000,0x00000000daa7aa98,0x00000000daa80000)
  to   space 5120K, 0% used [0x00000000da080000,0x00000000da080000,0x00000000da580000)
 ParOldGen       total 87552K, used 5684K [0x0000000081e00000, 0x0000000087380000, 0x00000000d5f80000)
  object space 87552K, 6% used [0x0000000081e00000,0x000000008238d350,0x0000000087380000)
 Metaspace       used 20439K, capacity 21140K, committed 21296K, reserved 1067008K
  class space    used 2749K, capacity 2960K, committed 3072K, reserved 1048576K
Event: 2.237 GC heap after
Heap after GC invocations=5 (full 1):
 PSYoungGen      total 71680K, used 0K [0x00000000d5f80000, 0x00000000daa80000, 0x0000000100000000)
  eden space 66560K, 0% used [0x00000000d5f80000,0x00000000d5f80000,0x00000000da080000)
  from space 5120K, 0% used [0x00000000da580000,0x00000000da580000,0x00000000daa80000)
  to   space 5120K, 0% used [0x00000000da080000,0x00000000da080000,0x00000000da580000)
 ParOldGen       total 55808K, used 6787K [0x0000000081e00000, 0x0000000085480000, 0x00000000d5f80000)
  object space 55808K, 12% used [0x0000000081e00000,0x00000000824a0dd0,0x0000000085480000)
 Metaspace       used 20437K, capacity 21134K, committed 21296K, reserved 1067008K
  class space    used 2749K, capacity 2959K, committed 3072K, reserved 1048576K
}
Event: 3.308 GC heap before
{Heap before GC invocations=6 (full 1):
 PSYoungGen      total 71680K, used 66560K [0x00000000d5f80000, 0x00000000daa80000, 0x0000000100000000)
  eden space 66560K, 100% used [0x00000000d5f80000,0x00000000da080000,0x00000000da080000)
  from space 5120K, 0% used [0x00000000da580000,0x00000000da580000,0x00000000daa80000)
  to   space 5120K, 0% used [0x00000000da080000,0x00000000da080000,0x00000000da580000)
 ParOldGen       total 55808K, used 6787K [0x0000000081e00000, 0x0000000085480000, 0x00000000d5f80000)
  object space 55808K, 12% used [0x0000000081e00000,0x00000000824a0dd0,0x0000000085480000)
 Metaspace       used 24514K, capacity 25550K, committed 25728K, reserved 1071104K
  class space    used 3336K, capacity 3601K, committed 3712K, reserved 1048576K
Event: 3.324 GC heap after
Heap after GC invocations=6 (full 1):
 PSYoungGen      total 71680K, used 5101K [0x00000000d5f80000, 0x00000000dd800000, 0x0000000100000000)
  eden space 66560K, 0% used [0x00000000d5f80000,0x00000000d5f80000,0x00000000da080000)
  from space 5120K, 99% used [0x00000000da080000,0x00000000da57b4f0,0x00000000da580000)
  to   space 8704K, 0% used [0x00000000dcf80000,0x00000000dcf80000,0x00000000dd800000)
 ParOldGen       total 55808K, used 8794K [0x0000000081e00000, 0x0000000085480000, 0x00000000d5f80000)
  object space 55808K, 15% used [0x0000000081e00000,0x00000000826968a8,0x0000000085480000)
 Metaspace       used 24514K, capacity 25550K, committed 25728K, reserved 1071104K
  class space    used 3336K, capacity 3601K, committed 3712K, reserved 1048576K
}
Event: 3.758 GC heap before
{Heap before GC invocations=7 (full 1):
 PSYoungGen      total 71680K, used 34504K [0x00000000d5f80000, 0x00000000dd800000, 0x0000000100000000)
  eden space 66560K, 44% used [0x00000000d5f80000,0x00000000d7c36e60,0x00000000da080000)
  from space 5120K, 99% used [0x00000000da080000,0x00000000da57b4f0,0x00000000da580000)
  to   space 8704K, 0% used [0x00000000dcf80000,0x00000000dcf80000,0x00000000dd800000)
 ParOldGen       total 55808K, used 8794K [0x0000000081e00000, 0x0000000085480000, 0x00000000d5f80000)
  object space 55808K, 15% used [0x0000000081e00000,0x00000000826968a8,0x0000000085480000)
 Metaspace       used 27058K, capacity 28496K, committed 28544K, reserved 1077248K
  class space    used 3681K, capacity 3958K, committed 3968K, reserved 1048576K
Event: 3.766 GC heap after
Heap after GC invocations=7 (full 1):
 PSYoungGen      total 110592K, used 6166K [0x00000000d5f80000, 0x00000000dd600000, 0x0000000100000000)
  eden space 103936K, 0% used [0x00000000d5f80000,0x00000000d5f80000,0x00000000dc500000)
  from space 6656K, 92% used [0x00000000dcf80000,0x00000000dd585a38,0x00000000dd600000)
  to   space 8704K, 0% used [0x00000000dc500000,0x00000000dc500000,0x00000000dcd80000)
 ParOldGen       total 55808K, used 8802K [0x0000000081e00000, 0x0000000085480000, 0x00000000d5f80000)
  object space 55808K, 15% used [0x0000000081e00000,0x00000000826988a8,0x0000000085480000)
 Metaspace       used 27058K, capacity 28496K, committed 28544K, reserved 1077248K
  class space    used 3681K, capacity 3958K, committed 3968K, reserved 1048576K
}
Event: 3.767 GC heap before
{Heap before GC invocations=8 (full 2):
 PSYoungGen      total 110592K, used 6166K [0x00000000d5f80000, 0x00000000dd600000, 0x0000000100000000)
  eden space 103936K, 0% used [0x00000000d5f80000,0x00000000d5f80000,0x00000000dc500000)
  from space 6656K, 92% used [0x00000000dcf80000,0x00000000dd585a38,0x00000000dd600000)
  to   space 8704K, 0% used [0x00000000dc500000,0x00000000dc500000,0x00000000dcd80000)
 ParOldGen       total 55808K, used 8802K [0x0000000081e00000, 0x0000000085480000, 0x00000000d5f80000)
  object space 55808K, 15% used [0x0000000081e00000,0x00000000826988a8,0x0000000085480000)
 Metaspace       used 27058K, capacity 28496K, committed 28544K, reserved 1077248K
  class space    used 3681K, capacity 3958K, committed 3968K, reserved 1048576K
Event: 3.825 GC heap after
Heap after GC invocations=8 (full 2):
 PSYoungGen      total 110592K, used 0K [0x00000000d5f80000, 0x00000000dd600000, 0x0000000100000000)
  eden space 103936K, 0% used [0x00000000d5f80000,0x00000000d5f80000,0x00000000dc500000)
  from space 6656K, 0% used [0x00000000dcf80000,0x00000000dcf80000,0x00000000dd600000)
  to   space 8704K, 0% used [0x00000000dc500000,0x00000000dc500000,0x00000000dcd80000)
 ParOldGen       total 55808K, used 10716K [0x0000000081e00000, 0x0000000085480000, 0x00000000d5f80000)
  object space 55808K, 19% used [0x0000000081e00000,0x0000000082877310,0x0000000085480000)
 Metaspace       used 27058K, capacity 28496K, committed 28544K, reserved 1075200K
  class space    used 3681K, capacity 3958K, committed 3968K, reserved 1048576K
}

