# JRE version: Java(TM) SE Runtime Environment (8.0_144-b01) (build 1.8.0_144-b01)
# Java VM: Java HotSpot(TM) 64-Bit Server VM (25.144-b01 mixed mode windows-amd64 compressed oops)
Heap:
 PSYoungGen      total 71680K, used 39943K [0x00000000d5f80000, 0x00000000daa80000, 0x0000000100000000)
  eden space 66560K, 60% used [0x00000000d5f80000,0x00000000d8681fe0,0x00000000da080000)
  from space 5120K, 0% used [0x00000000da080000,0x00000000da080000,0x00000000da580000)
  to   space 5120K, 0% used [0x00000000da580000,0x00000000da580000,0x00000000daa80000)
 ParOldGen       total 57856K, used 8226K [0x0000000081e00000, 0x0000000085680000, 0x00000000d5f80000)
  object space 57856K, 14% used [0x0000000081e00000,0x0000000082608870,0x0000000085680000)
 Metaspace       used 28017K, capacity 29529K, committed 29824K, reserved 1083392K
  class space    used 3813K, capacity 4130K, committed 4224K, reserved 1048576K
GC Heap History (10 events):
Event: 3.504 GC heap before
{Heap before GC invocations=6 (full 1):
 PSYoungGen      total 71680K, used 66560K [0x00000000d5f80000, 0x00000000daa80000, 0x0000000100000000)
  eden space 66560K, 100% used [0x00000000d5f80000,0x00000000da080000,0x00000000da080000)
  from space 5120K, 0% used [0x00000000da580000,0x00000000da580000,0x00000000daa80000)
  to   space 5120K, 0% used [0x00000000da080000,0x00000000da080000,0x00000000da580000)
 ParOldGen       total 57856K, used 7037K [0x0000000081e00000, 0x0000000085680000, 0x00000000d5f80000)
  object space 57856K, 12% used [0x0000000081e00000,0x00000000824df500,0x0000000085680000)
 Metaspace       used 24404K, capacity 25408K, committed 25600K, reserved 1071104K
  class space    used 3318K, capacity 3562K, committed 3584K, reserved 1048576K
Event: 3.514 GC heap after
Heap after GC invocations=6 (full 1):
 PSYoungGen      total 71680K, used 5097K [0x00000000d5f80000, 0x00000000daa80000, 0x0000000100000000)
  eden space 66560K, 0% used [0x00000000d5f80000,0x00000000d5f80000,0x00000000da080000)
  from space 5120K, 99% used [0x00000000da080000,0x00000000da57a520,0x00000000da580000)
  to   space 5120K, 0% used [0x00000000da580000,0x00000000da580000,0x00000000daa80000)
 ParOldGen       total 57856K, used 8895K [0x0000000081e00000, 0x0000000085680000, 0x00000000d5f80000)
  object space 57856K, 15% used [0x0000000081e00000,0x00000000826afd80,0x0000000085680000)
 Metaspace       used 24404K, capacity 25408K, committed 25600K, reserved 1071104K
  class space    used 3318K, capacity 3562K, committed 3584K, reserved 1048576K
}
Event: 3.574 GC heap before
{Heap before GC invocations=7 (full 1):
 PSYoungGen      total 71680K, used 10692K [0x00000000d5f80000, 0x00000000daa80000, 0x0000000100000000)
  eden space 66560K, 8% used [0x00000000d5f80000,0x00000000d64f6e60,0x00000000da080000)
  from space 5120K, 99% used [0x00000000da080000,0x00000000da57a520,0x00000000da580000)
  to   space 5120K, 0% used [0x00000000da580000,0x00000000da580000,0x00000000daa80000)
 ParOldGen       total 57856K, used 8895K [0x0000000081e00000, 0x0000000085680000, 0x00000000d5f80000)
  object space 57856K, 15% used [0x0000000081e00000,0x00000000826afd80,0x0000000085680000)
 Metaspace       used 24595K, capacity 25618K, committed 25728K, reserved 1075200K
  class space    used 3355K, capacity 3605K, committed 3712K, reserved 1048576K
Event: 3.577 GC heap after
Heap after GC invocations=7 (full 1):
 PSYoungGen      total 71680K, used 2804K [0x00000000d5f80000, 0x00000000daa80000, 0x0000000100000000)
  eden space 66560K, 0% used [0x00000000d5f80000,0x00000000d5f80000,0x00000000da080000)
  from space 5120K, 54% used [0x00000000da580000,0x00000000da83d030,0x00000000daa80000)
  to   space 5120K, 0% used [0x00000000da080000,0x00000000da080000,0x00000000da580000)
 ParOldGen       total 57856K, used 8895K [0x0000000081e00000, 0x0000000085680000, 0x00000000d5f80000)
  object space 57856K, 15% used [0x0000000081e00000,0x00000000826afd80,0x0000000085680000)
 Metaspace       used 24595K, capacity 25618K, committed 25728K, reserved 1075200K
  class space    used 3355K, capacity 3605K, committed 3712K, reserved 1048576K
}
Event: 3.577 GC heap before
{Heap before GC invocations=8 (full 2):
 PSYoungGen      total 71680K, used 2804K [0x00000000d5f80000, 0x00000000daa80000, 0x0000000100000000)
  eden space 66560K, 0% used [0x00000000d5f80000,0x00000000d5f80000,0x00000000da080000)
  from space 5120K, 54% used [0x00000000da580000,0x00000000da83d030,0x00000000daa80000)
  to   space 5120K, 0% used [0x00000000da080000,0x00000000da080000,0x00000000da580000)
 ParOldGen       total 57856K, used 8895K [0x0000000081e00000, 0x0000000085680000, 0x00000000d5f80000)
  object space 57856K, 15% used [0x0000000081e00000,0x00000000826afd80,0x0000000085680000)
 Metaspace       used 24595K, capacity 25618K, committed 25728K, reserved 1075200K
  class space    used 3355K, capacity 3605K, committed 3712K, reserved 1048576K
Event: 3.628 GC heap after
Heap after GC invocations=8 (full 2):
 PSYoungGen      total 71680K, used 0K [0x00000000d5f80000, 0x00000000daa80000, 0x0000000100000000)
  eden space 66560K, 0% used [0x00000000d5f80000,0x00000000d5f80000,0x00000000da080000)
  from space 5120K, 0% used [0x00000000da580000,0x00000000da580000,0x00000000daa80000)
  to   space 5120K, 0% used [0x00000000da080000,0x00000000da080000,0x00000000da580000)
 ParOldGen       total 57856K, used 7600K [0x0000000081e00000, 0x0000000085680000, 0x00000000d5f80000)
  object space 57856K, 13% used [0x0000000081e00000,0x000000008256c3c0,0x0000000085680000)
 Metaspace       used 24595K, capacity 25618K, committed 25728K, reserved 1073152K
  class space    used 3355K, capacity 3605K, committed 3712K, reserved 1048576K
}
Event: 3.717 GC heap before
{Heap before GC invocations=9 (full 2):
 PSYoungGen      total 71680K, used 6507K [0x00000000d5f80000, 0x00000000daa80000, 0x0000000100000000)
  eden space 66560K, 9% used [0x00000000d5f80000,0x00000000d65dae68,0x00000000da080000)
  from space 5120K, 0% used [0x00000000da580000,0x00000000da580000,0x00000000daa80000)
  to   space 5120K, 0% used [0x00000000da080000,0x00000000da080000,0x00000000da580000)
 ParOldGen       total 57856K, used 7600K [0x0000000081e00000, 0x0000000085680000, 0x00000000d5f80000)
  object space 57856K, 13% used [0x0000000081e00000,0x000000008256c3c0,0x0000000085680000)
 Metaspace       used 25190K, capacity 26174K, committed 26240K, reserved 1083392K
  class space    used 3440K, capacity 3678K, committed 3712K, reserved 1048576K
Event: 3.719 GC heap after
Heap after GC invocations=9 (full 2):
 PSYoungGen      total 71680K, used 850K [0x00000000d5f80000, 0x00000000daa80000, 0x0000000100000000)
  eden space 66560K, 0% used [0x00000000d5f80000,0x00000000d5f80000,0x00000000da080000)
  from space 5120K, 16% used [0x00000000da080000,0x00000000da154900,0x00000000da580000)
  to   space 5120K, 0% used [0x00000000da580000,0x00000000da580000,0x00000000daa80000)
 ParOldGen       total 57856K, used 7608K [0x0000000081e00000, 0x0000000085680000, 0x00000000d5f80000)
  object space 57856K, 13% used [0x0000000081e00000,0x000000008256e3c0,0x0000000085680000)
 Metaspace       used 25190K, capacity 26174K, committed 26240K, reserved 1083392K
  class space    used 3440K, capacity 3678K, committed 3712K, reserved 1048576K
}
Event: 3.720 GC heap before
{Heap before GC invocations=10 (full 3):
 PSYoungGen      total 71680K, used 850K [0x00000000d5f80000, 0x00000000daa80000, 0x0000000100000000)
  eden space 66560K, 0% used [0x00000000d5f80000,0x00000000d5f80000,0x00000000da080000)
  from space 5120K, 16% used [0x00000000da080000,0x00000000da154900,0x00000000da580000)
  to   space 5120K, 0% used [0x00000000da580000,0x00000000da580000,0x00000000daa80000)
 ParOldGen       total 57856K, used 7608K [0x0000000081e00000, 0x0000000085680000, 0x00000000d5f80000)
  object space 57856K, 13% used [0x0000000081e00000,0x000000008256e3c0,0x0000000085680000)
 Metaspace       used 25190K, capacity 26174K, committed 26240K, reserved 1083392K
  class space    used 3440K, capacity 3678K, committed 3712K, reserved 1048576K
Event: 3.812 GC heap after
Heap after GC invocations=10 (full 3):
 PSYoungGen      total 71680K, used 0K [0x00000000d5f80000, 0x00000000daa80000, 0x0000000100000000)
  eden space 66560K, 0% used [0x00000000d5f80000,0x00000000d5f80000,0x00000000da080000)
  from space 5120K, 0% used [0x00000000da080000,0x00000000da080000,0x00000000da580000)
  to   space 5120K, 0% used [0x00000000da580000,0x00000000da580000,0x00000000daa80000)
 ParOldGen       total 57856K, used 8226K [0x0000000081e00000, 0x0000000085680000, 0x00000000d5f80000)
  object space 57856K, 14% used [0x0000000081e00000,0x0000000082608870,0x0000000085680000)
 Metaspace       used 25190K, capacity 26174K, committed 26240K, reserved 1077248K
  class space    used 3440K, capacity 3678K, committed 3712K, reserved 1048576K
}

